<?xml version="1.0" encoding="utf-8"?><testsuites name="pytest tests"><testsuite name="pytest" errors="0" failures="0" skipped="0" tests="20" time="14.345" timestamp="2026-02-13T16:26:59.324049+00:00" hostname="agent-env-25a9b2af-53e5-48fa-acc3-e2dc320a9337"><testcase classname="tests.test_api.TestAuthRegister" name="test_register_user_success" time="0.515" /><testcase classname="tests.test_api.TestAuthRegister" name="test_register_producer_success" time="0.349" /><testcase classname="tests.test_api.TestAuthRegister" name="test_register_duplicate_email" time="0.637" /><testcase classname="tests.test_api.TestAuthLogin" name="test_login_success" time="0.794" /><testcase classname="tests.test_api.TestAuthLogin" name="test_login_invalid_credentials" time="0.132" /><testcase classname="tests.test_api.TestAuthLogin" name="test_auth_me_with_token" time="1.147" /><testcase classname="tests.test_api.TestBeats" name="test_get_beats_list" time="0.166" /><testcase classname="tests.test_api.TestBeats" name="test_get_beats_with_filters" time="0.649" /><testcase classname="tests.test_api.TestBeats" name="test_create_beat_as_producer" time="0.563" /><testcase classname="tests.test_api.TestBeats" name="test_create_beat_without_auth_fails" time="0.158" /><testcase classname="tests.test_api.TestBeats" name="test_get_beat_by_id" time="0.764" /><testcase classname="tests.test_api.TestBeats" name="test_get_nonexistent_beat_returns_404" time="0.274" /><testcase classname="tests.test_api.TestProducers" name="test_get_producer_profile" time="0.670" /><testcase classname="tests.test_api.TestProducers" name="test_get_nonexistent_producer_returns_404" time="0.162" /><testcase classname="tests.test_api.TestOrders" name="test_create_order_pix" time="1.273" /><testcase classname="tests.test_api.TestOrders" name="test_create_order_credit_card" time="1.094" /><testcase classname="tests.test_api.TestOrders" name="test_create_order_boleto" time="1.176" /><testcase classname="tests.test_api.TestOrders" name="test_get_user_orders" time="1.362" /><testcase classname="tests.test_api.TestOrders" name="test_create_order_without_auth_fails" time="0.992" /><testcase classname="tests.test_api.TestFavorites" name="test_add_and_remove_favorite" time="1.340" /></testsuite></testsuites>