<?xml version="1.0" encoding="utf-8"?><testsuites name="pytest tests"><testsuite name="pytest" errors="0" failures="0" skipped="0" tests="22" time="22.546" timestamp="2026-03-18T10:26:16.674710+00:00" hostname="agent-env-f344dc4f-c572-400a-83c3-1694012d6c7e"><testcase classname="backend.tests.test_api.TestAuthRegister" name="test_register_user_success" time="0.487" /><testcase classname="backend.tests.test_api.TestAuthRegister" name="test_register_producer_success" time="0.348" /><testcase classname="backend.tests.test_api.TestAuthRegister" name="test_register_duplicate_email" time="0.509" /><testcase classname="backend.tests.test_api.TestAuthLogin" name="test_login_success" time="0.717" /><testcase classname="backend.tests.test_api.TestAuthLogin" name="test_login_invalid_credentials" time="0.122" /><testcase classname="backend.tests.test_api.TestAuthLogin" name="test_auth_me_with_token" time="0.810" /><testcase classname="backend.tests.test_api.TestBeats" name="test_get_beats_list" time="0.117" /><testcase classname="backend.tests.test_api.TestBeats" name="test_get_beats_with_filters" time="0.384" /><testcase classname="backend.tests.test_api.TestBeats" name="test_create_beat_as_producer" time="1.170" /><testcase classname="backend.tests.test_api.TestBeats" name="test_create_beat_without_auth_fails" time="0.118" /><testcase classname="backend.tests.test_api.TestBeats" name="test_get_beat_by_id" time="0.912" /><testcase classname="backend.tests.test_api.TestBeats" name="test_get_nonexistent_beat_returns_404" time="0.133" /><testcase classname="backend.tests.test_api.TestProducers" name="test_get_producer_profile" time="0.950" /><testcase classname="backend.tests.test_api.TestProducers" name="test_get_nonexistent_producer_returns_404" time="0.127" /><testcase classname="backend.tests.test_api.TestOrders" name="test_create_order_pix_with_cpf" time="2.394" /><testcase classname="backend.tests.test_api.TestOrders" name="test_create_order_credit_card_with_cpf" time="2.800" /><testcase classname="backend.tests.test_api.TestOrders" name="test_create_order_boleto_with_cpf" time="1.738" /><testcase classname="backend.tests.test_api.TestOrders" name="test_get_user_orders" time="2.447" /><testcase classname="backend.tests.test_api.TestOrders" name="test_create_order_without_auth_fails" time="1.279" /><testcase classname="backend.tests.test_api.TestDownloads" name="test_download_without_paid_order_fails" time="2.833" /><testcase classname="backend.tests.test_api.TestDownloads" name="test_download_nonexistent_order_fails" time="0.472" /><testcase classname="backend.tests.test_api.TestFavorites" name="test_add_and_remove_favorite" time="1.555" /></testsuite></testsuites>